Using pre-set license
Built from '2022.1/staging' branch; Version is '2022.1.14f1 (ff7e140968b4) revision 16743956'; Using compiler version '192829333'; Build Type 'Release'
OS: 'Windows 10  (10.0.19044) 64bit Professional' Language: 'es' Physical Memory: 12180 MB
BatchMode: 1, IsHumanControllingUs: 0, StartBugReporterOnCrash: 0, Is64bit: 1, IsPro: 1

COMMAND LINE ARGUMENTS:
C:\Program Files\Unity\Hub\Editor\2022.1.14f1\Editor\Unity.exe
-adb2
-batchMode
-noUpm
-name
AssetImportWorker8
-projectPath
C:/Users/Luz Fernandez/Documents/GitHub/My project/LucecitasV2
-logFile
Logs/AssetImportWorker8.log
-srvPort
55679
Successfully changed project path to: C:/Users/Luz Fernandez/Documents/GitHub/My project/LucecitasV2
C:/Users/Luz Fernandez/Documents/GitHub/My project/LucecitasV2
[UnityMemory] Configuration Parameters - Can be set up in boot.config
    "memorysetup-bucket-allocator-granularity=16"
    "memorysetup-bucket-allocator-bucket-count=8"
    "memorysetup-bucket-allocator-block-size=33554432"
    "memorysetup-bucket-allocator-block-count=8"
    "memorysetup-main-allocator-block-size=16777216"
    "memorysetup-thread-allocator-block-size=16777216"
    "memorysetup-gfx-main-allocator-block-size=16777216"
    "memorysetup-gfx-thread-allocator-block-size=16777216"
    "memorysetup-cache-allocator-block-size=4194304"
    "memorysetup-typetree-allocator-block-size=2097152"
    "memorysetup-profiler-bucket-allocator-granularity=16"
    "memorysetup-profiler-bucket-allocator-bucket-count=8"
    "memorysetup-profiler-bucket-allocator-block-size=33554432"
    "memorysetup-profiler-bucket-allocator-block-count=8"
    "memorysetup-profiler-allocator-block-size=16777216"
    "memorysetup-profiler-editor-allocator-block-size=1048576"
    "memorysetup-temp-allocator-size-main=16777216"
    "memorysetup-job-temp-allocator-block-size=2097152"
    "memorysetup-job-temp-allocator-block-size-background=1048576"
    "memorysetup-job-temp-allocator-reduction-small-platforms=262144"
    "memorysetup-temp-allocator-size-background-worker=32768"
    "memorysetup-temp-allocator-size-job-worker=262144"
    "memorysetup-temp-allocator-size-preload-manager=33554432"
    "memorysetup-temp-allocator-size-nav-mesh-worker=65536"
    "memorysetup-temp-allocator-size-audio-worker=65536"
    "memorysetup-temp-allocator-size-cloud-worker=32768"
    "memorysetup-temp-allocator-size-gi-baking-worker=262144"
    "memorysetup-temp-allocator-size-gfx=262144"
Refreshing native plugins compatible for Editor in 101.08 ms, found 2 plugins.
Preloading 0 native plugins for Editor in 0.00 ms.
Initialize engine version: 2022.1.14f1 (ff7e140968b4)
[Subsystems] Discovering subsystems at path C:/Program Files/Unity/Hub/Editor/2022.1.14f1/Editor/Data/Resources/UnitySubsystems
[Subsystems] Discovering subsystems at path C:/Users/Luz Fernandez/Documents/GitHub/My project/LucecitasV2/Assets
GfxDevice: creating device client; threaded=0; jobified=0
Direct3D:
    Version:  Direct3D 11.0 [level 11.1]
    Renderer: AMD Radeon HD 8500M (ID=0x666f)
    Vendor:   ATI
    VRAM:     2039 MB
    Driver:   27.20.20903.8001
Initialize mono
Mono path[0] = 'C:/Program Files/Unity/Hub/Editor/2022.1.14f1/Editor/Data/Managed'
Mono path[1] = 'C:/Program Files/Unity/Hub/Editor/2022.1.14f1/Editor/Data/MonoBleedingEdge/lib/mono/unityjit-win32'
Mono config path = 'C:/Program Files/Unity/Hub/Editor/2022.1.14f1/Editor/Data/MonoBleedingEdge/etc'
Using monoOptions --debugger-agent=transport=dt_socket,embedding=1,server=y,suspend=n,address=127.0.0.1:56336
Begin MonoManager ReloadAssembly
Registering precompiled unity dll's ...
Register platform support module: C:/Program Files/Unity/Hub/Editor/2022.1.14f1/Editor/Data/PlaybackEngines/WindowsStandaloneSupport/UnityEditor.WindowsStandalone.Extensions.dll
Registered in 0.010746 seconds.
Native extension for WindowsStandalone target not found
Refreshing native plugins compatible for Editor in 72.82 ms, found 2 plugins.
Preloading 0 native plugins for Editor in 0.00 ms.
Mono: successfully reloaded assembly
- Completed reload, in  1.390 seconds
Domain Reload Profiling:
	ReloadAssembly (1391ms)
		BeginReloadAssembly (162ms)
			ExecutionOrderSort (0ms)
			DisableScriptedObjects (0ms)
			BackupInstance (0ms)
			ReleaseScriptingObjects (0ms)
			CreateAndSetChildDomain (1ms)
		EndReloadAssembly (976ms)
			LoadAssemblies (159ms)
			RebuildTransferFunctionScriptingTraits (0ms)
			SetupTypeCache (324ms)
				TypeCache.Initialize (323ms)
					TypeCache.ScanAssembly (320ms)
				ResolveRequiredComponents (1ms)
			ReleaseScriptCaches (0ms)
			RebuildScriptCaches (63ms)
			SetupLoadedEditorAssemblies (493ms)
				LogAssemblyErrors (0ms)
				InitializePlatformSupportModulesInManaged (19ms)
				SetLoadedEditorAssemblies (13ms)
				RefreshPlugins (73ms)
				BeforeProcessingInitializeOnLoad (4ms)
				ProcessInitializeOnLoadAttributes (288ms)
				ProcessInitializeOnLoadMethodAttributes (96ms)
				AfterProcessingInitializeOnLoad (0ms)
				EditorAssembliesLoaded (0ms)
			ExecutionOrderSort2 (0ms)
			AwakeInstancesAfterBackupRestoration (0ms)
Platform modules already initialized, skipping
Registering precompiled user dll's ...
Registered in 0.004687 seconds.
Begin MonoManager ReloadAssembly
Native extension for WindowsStandalone target not found
Refreshing native plugins compatible for Editor in 0.51 ms, found 2 plugins.
Preloading 0 native plugins for Editor in 0.00 ms.
Mono: successfully reloaded assembly
- Completed reload, in  8.276 seconds
Domain Reload Profiling:
	ReloadAssembly (8279ms)
		BeginReloadAssembly (388ms)
			ExecutionOrderSort (0ms)
			DisableScriptedObjects (16ms)
			BackupInstance (0ms)
			ReleaseScriptingObjects (0ms)
			CreateAndSetChildDomain (59ms)
		EndReloadAssembly (7267ms)
			LoadAssemblies (6052ms)
			RebuildTransferFunctionScriptingTraits (0ms)
			SetupTypeCache (363ms)
				TypeCache.Initialize (358ms)
					TypeCache.ScanAssembly (353ms)
				ResolveRequiredComponents (4ms)
			ReleaseScriptCaches (1ms)
			RebuildScriptCaches (93ms)
			SetupLoadedEditorAssemblies (748ms)
				LogAssemblyErrors (0ms)
				InitializePlatformSupportModulesInManaged (11ms)
				SetLoadedEditorAssemblies (13ms)
				RefreshPlugins (1ms)
				BeforeProcessingInitializeOnLoad (108ms)
				ProcessInitializeOnLoadAttributes (556ms)
				ProcessInitializeOnLoadMethodAttributes (47ms)
				AfterProcessingInitializeOnLoad (13ms)
				EditorAssembliesLoaded (0ms)
			ExecutionOrderSort2 (0ms)
			AwakeInstancesAfterBackupRestoration (12ms)
Platform modules already initialized, skipping
========================================================================
Worker process is ready to serve import requests
Launched and connected shader compiler UnityShaderCompiler.exe after 0.43 seconds
Refreshing native plugins compatible for Editor in 0.79 ms, found 2 plugins.
Preloading 0 native plugins for Editor in 0.00 ms.
Unloading 1694 Unused Serialized files (Serialized files now loaded: 0)
Unloading 20 unused Assets / (50.4 KB). Loaded Objects now: 2161.
Memory consumption went from 281.5 MB to 281.4 MB.
Total: 3.815000 ms (FindLiveObjects: 0.214000 ms CreateObjectMapping: 0.105000 ms MarkObjects: 3.356000 ms  DeleteObjects: 0.137900 ms)

AssetImportParameters requested are different than current active one (requested -> active):
  custom:video-decoder-ogg-theora: a1e56fd34408186e4bbccfd4996cb3dc -> 
  custom:container-muxer-webm: aa71ff27fc2769a1b78a27578f13a17b -> 
  custom:container-demuxer-webm: 4f35f7cbe854078d1ac9338744f61a02 -> 
  custom:video-encoder-webm-vp8: eb34c28f22e8b96e1ab97ce403110664 -> 
  custom:audio-encoder-webm-vorbis: bf7c407c2cedff20999df2af8eb42d56 -> 
  custom:framework-win-MediaFoundation: 216162199b28c13a410421893ffa2e32 -> 
  custom:container-demuxer-ogg: 62fdf1f143b41e24485cea50d1cbac27 -> 
  custom:video-decoder-webm-vp8: 9c59270c3fd7afecdb556c50c9e8de78 -> 
  custom:audio-decoder-ogg-vorbis: bf7c407c2cedff20999df2af8eb42d56 -> 
========================================================================
Received Import Request.
  Time since last request: 673762.170912 seconds.
  path: Assets/Laterns and candles/Prefabs/Candle1.prefab
  artifactKey: Guid(86d84285ef39db64c986f37878b14861) Importer(815301076,1909f56bfc062723c751e8b465ee728b)
Start importing Assets/Laterns and candles/Prefabs/Candle1.prefab using Guid(86d84285ef39db64c986f37878b14861) Importer(815301076,1909f56bfc062723c751e8b465ee728b)  -> (artifact id: '674fd3f3f0b1cca442f39e8a7306c94e') in 1.616003 seconds 
========================================================================
Received Import Request.
  Time since last request: 0.004134 seconds.
  path: Assets/Laterns and candles/Prefabs/CarvedPost2.prefab
  artifactKey: Guid(94f10da449387134eb5a2276906ccdfd) Importer(815301076,1909f56bfc062723c751e8b465ee728b)
Start importing Assets/Laterns and candles/Prefabs/CarvedPost2.prefab using Guid(94f10da449387134eb5a2276906ccdfd) Importer(815301076,1909f56bfc062723c751e8b465ee728b)  -> (artifact id: '89c6d57cde712c65f6195aa10db1a246') in 1.447185 seconds 
========================================================================
Received Import Request.
  Time since last request: 0.000036 seconds.
  path: Assets/Laterns and candles/Prefabs/Candle3 1.prefab
  artifactKey: Guid(42612f8b6c0dce8468648f3f08db6d96) Importer(815301076,1909f56bfc062723c751e8b465ee728b)
Start importing Assets/Laterns and candles/Prefabs/Candle3 1.prefab using Guid(42612f8b6c0dce8468648f3f08db6d96) Importer(815301076,1909f56bfc062723c751e8b465ee728b)  -> (artifact id: 'b60c6baa1fb235edfd12f86df49727fb') in 0.203397 seconds 
========================================================================
Received Import Request.
  Time since last request: 0.000100 seconds.
  path: Assets/Laterns and candles/Prefabs/Latern3.prefab
  artifactKey: Guid(d17bd81f00e4eb843a71e73358112786) Importer(815301076,1909f56bfc062723c751e8b465ee728b)
Start importing Assets/Laterns and candles/Prefabs/Latern3.prefab using Guid(d17bd81f00e4eb843a71e73358112786) Importer(815301076,1909f56bfc062723c751e8b465ee728b)  -> (artifact id: '7c9fa9c8eb591493594708f2afbf1286') in 0.530589 seconds 
========================================================================
Received Import Request.
  Time since last request: 0.000041 seconds.
  path: Assets/Laterns and candles/Prefabs/Latern5.prefab
  artifactKey: Guid(5cc22dee4f3a39f48bbb851c41003c8c) Importer(815301076,1909f56bfc062723c751e8b465ee728b)
Start importing Assets/Laterns and candles/Prefabs/Latern5.prefab using Guid(5cc22dee4f3a39f48bbb851c41003c8c) Importer(815301076,1909f56bfc062723c751e8b465ee728b)  -> (artifact id: '459ffbe8de77205c540123108f5a1183') in 1.538657 seconds 
========================================================================
Received Import Request.
  Time since last request: 0.005412 seconds.
  path: Assets/Laterns and candles/Prefabs/Latern4.prefab
  artifactKey: Guid(263b26f2316871f46a4bda232a61ec44) Importer(815301076,1909f56bfc062723c751e8b465ee728b)
Start importing Assets/Laterns and candles/Prefabs/Latern4.prefab using Guid(263b26f2316871f46a4bda232a61ec44) Importer(815301076,1909f56bfc062723c751e8b465ee728b)  -> (artifact id: '2aa6541481fa27082879886aa009e85d') in 0.423475 seconds 
========================================================================
Received Import Request.
  Time since last request: 0.000046 seconds.
  path: Assets/Laterns and candles/Prefabs/Latern2.prefab
  artifactKey: Guid(68f8cf3372c588f4a94bf2c9bd255d3b) Importer(815301076,1909f56bfc062723c751e8b465ee728b)
Start importing Assets/Laterns and candles/Prefabs/Latern2.prefab using Guid(68f8cf3372c588f4a94bf2c9bd255d3b) Importer(815301076,1909f56bfc062723c751e8b465ee728b)  -> (artifact id: '6b17d46ae5e663ec90b066be7e25b9cf') in 0.183363 seconds 
========================================================================
Received Import Request.
  Time since last request: 0.000032 seconds.
  path: Assets/Laterns and candles/Prefabs/Latern1.prefab
  artifactKey: Guid(56c82061e6c4de742a208837848be55a) Importer(815301076,1909f56bfc062723c751e8b465ee728b)
Start importing Assets/Laterns and candles/Prefabs/Latern1.prefab using Guid(56c82061e6c4de742a208837848be55a) Importer(815301076,1909f56bfc062723c751e8b465ee728b)  -> (artifact id: 'b321a8f46b94431c2301b5de820fa840') in 0.452962 seconds 
========================================================================
Received Import Request.
  Time since last request: 403.703258 seconds.
  path: Assets/ExternalAssets/RPGPP_LT/Textures/rpgpp_lt_sky_a.tga
  artifactKey: Guid(5c4fa0e44769f8f46a06d96031e56a4e) Importer(815301076,1909f56bfc062723c751e8b465ee728b)
Start importing Assets/ExternalAssets/RPGPP_LT/Textures/rpgpp_lt_sky_a.tga using Guid(5c4fa0e44769f8f46a06d96031e56a4e) Importer(815301076,1909f56bfc062723c751e8b465ee728b)  -> (artifact id: '0cef62240b6831ce0e7609ed635a031a') in 0.498227 seconds 
========================================================================
Received Import Request.
  Time since last request: 1.750861 seconds.
  path: Assets/Laterns and candles/Materials/Candle1.mat
  artifactKey: Guid(2ff38d00be4eef640bf6495fe8a5b54f) Importer(815301076,1909f56bfc062723c751e8b465ee728b)
Start importing Assets/Laterns and candles/Materials/Candle1.mat using Guid(2ff38d00be4eef640bf6495fe8a5b54f) Importer(815301076,1909f56bfc062723c751e8b465ee728b)  -> (artifact id: 'b9dde6261e185a371897b599582e1957') in 0.580380 seconds 
========================================================================
Received Import Request.
  Time since last request: 0.000077 seconds.
  path: Assets/Laterns and candles/Materials/Flame.mat
  artifactKey: Guid(b89178c9821ece842b4a7a4fed42d77e) Importer(815301076,1909f56bfc062723c751e8b465ee728b)
Start importing Assets/Laterns and candles/Materials/Flame.mat using Guid(b89178c9821ece842b4a7a4fed42d77e) Importer(815301076,1909f56bfc062723c751e8b465ee728b)  -> (artifact id: '7b5a960453f11a2a619407da8ca36c6a') in 0.144696 seconds 
========================================================================
Received Import Request.
  Time since last request: 0.000037 seconds.
  path: Assets/Laterns and candles/Materials/Lamp2colormap.mat
  artifactKey: Guid(b5468ab085cc2a04b8f560aff873e193) Importer(815301076,1909f56bfc062723c751e8b465ee728b)
Start importing Assets/Laterns and candles/Materials/Lamp2colormap.mat using Guid(b5468ab085cc2a04b8f560aff873e193) Importer(815301076,1909f56bfc062723c751e8b465ee728b)  -> (artifact id: '547a6a050edd39fb5dd4f7be6c580f57') in 0.372677 seconds 
========================================================================
Received Import Request.
  Time since last request: 0.000029 seconds.
  path: Assets/Laterns and candles/Materials/Candle2_colormap.mat
  artifactKey: Guid(e8a238b982fb7d84483855148e713386) Importer(815301076,1909f56bfc062723c751e8b465ee728b)
Start importing Assets/Laterns and candles/Materials/Candle2_colormap.mat using Guid(e8a238b982fb7d84483855148e713386) Importer(815301076,1909f56bfc062723c751e8b465ee728b)  -> (artifact id: '13390562d60f3df3847b3b8c3aeb82cf') in 0.364934 seconds 
========================================================================
Received Import Request.
  Time since last request: 0.000043 seconds.
  path: Assets/Laterns and candles/Materials/Wall Lamp.mat
  artifactKey: Guid(96a3109bf84a57d4fa28aee81c28dc74) Importer(815301076,1909f56bfc062723c751e8b465ee728b)
Start importing Assets/Laterns and candles/Materials/Wall Lamp.mat using Guid(96a3109bf84a57d4fa28aee81c28dc74) Importer(815301076,1909f56bfc062723c751e8b465ee728b)  -> (artifact id: '83a4bbdbb51ed626eea9599249c72908') in 0.268518 seconds 
========================================================================
Received Import Request.
  Time since last request: 0.006075 seconds.
  path: Assets/Laterns and candles/Materials/Glass3.mat
  artifactKey: Guid(dc9e1f70c9d234b4b8b4a257faeac211) Importer(815301076,1909f56bfc062723c751e8b465ee728b)
Start importing Assets/Laterns and candles/Materials/Glass3.mat using Guid(dc9e1f70c9d234b4b8b4a257faeac211) Importer(815301076,1909f56bfc062723c751e8b465ee728b)  -> (artifact id: '128a3fec1307a0bc97511e4429177d00') in 0.155977 seconds 
========================================================================
Received Import Request.
  Time since last request: 0.000025 seconds.
  path: Assets/Laterns and candles/Materials/lamp post.mat
  artifactKey: Guid(e88cc3b41a43da64493fd04f91ae6c68) Importer(815301076,1909f56bfc062723c751e8b465ee728b)
Start importing Assets/Laterns and candles/Materials/lamp post.mat using Guid(e88cc3b41a43da64493fd04f91ae6c68) Importer(815301076,1909f56bfc062723c751e8b465ee728b)  -> (artifact id: '4475d0ae9b4af8cd8a5782beed9f2c69') in 0.328520 seconds 
========================================================================
Received Import Request.
  Time since last request: 0.000036 seconds.
  path: Assets/Laterns and candles/Materials/Latern5.mat
  artifactKey: Guid(c80049bc80d43e24da4915d1806290fd) Importer(815301076,1909f56bfc062723c751e8b465ee728b)
Start importing Assets/Laterns and candles/Materials/Latern5.mat using Guid(c80049bc80d43e24da4915d1806290fd) Importer(815301076,1909f56bfc062723c751e8b465ee728b)  -> (artifact id: 'bf48dc85d8016b0f6a26f3efddb4a351') in 0.443827 seconds 
========================================================================
Received Import Request.
  Time since last request: 0.000048 seconds.
  path: Assets/Laterns and candles/Materials/Candle1green_emission.mat
  artifactKey: Guid(c1c9de58b363874419f5164aad3f6335) Importer(815301076,1909f56bfc062723c751e8b465ee728b)
Start importing Assets/Laterns and candles/Materials/Candle1green_emission.mat using Guid(c1c9de58b363874419f5164aad3f6335) Importer(815301076,1909f56bfc062723c751e8b465ee728b)  -> (artifact id: '4a0e59c0bd1daca2082497d4da2eb479') in 0.211006 seconds 
========================================================================
Received Import Request.
  Time since last request: 0.000035 seconds.
  path: Assets/Laterns and candles/Materials/Glass2.mat
  artifactKey: Guid(d42d8fdd97de9f546a90efec90ea8100) Importer(815301076,1909f56bfc062723c751e8b465ee728b)
Start importing Assets/Laterns and candles/Materials/Glass2.mat using Guid(d42d8fdd97de9f546a90efec90ea8100) Importer(815301076,1909f56bfc062723c751e8b465ee728b)  -> (artifact id: '0d2558b7c7068574bcc51d99731b1ff7') in 0.112039 seconds 
========================================================================
Received Import Request.
  Time since last request: 0.000050 seconds.
  path: Assets/Laterns and candles/Materials/LampPost_wall.mat
  artifactKey: Guid(b48090b67b3c8b84b81fcc983fc98878) Importer(815301076,1909f56bfc062723c751e8b465ee728b)
Start importing Assets/Laterns and candles/Materials/LampPost_wall.mat using Guid(b48090b67b3c8b84b81fcc983fc98878) Importer(815301076,1909f56bfc062723c751e8b465ee728b)  -> (artifact id: '2807de314d9a205f0fd8079164003ae4') in 0.459439 seconds 
========================================================================
Received Import Request.
  Time since last request: 0.041705 seconds.
  path: Assets/Laterns and candles/Materials/lattice.mat
  artifactKey: Guid(d5e80fc50c6e73f48ac197429f573181) Importer(815301076,1909f56bfc062723c751e8b465ee728b)
Start importing Assets/Laterns and candles/Materials/lattice.mat using Guid(d5e80fc50c6e73f48ac197429f573181) Importer(815301076,1909f56bfc062723c751e8b465ee728b)  -> (artifact id: 'c4762ab95a2a76f9977732372a3fd7ff') in 0.360193 seconds 
========================================================================
Received Import Request.
  Time since last request: 0.025428 seconds.
  path: Assets/Laterns and candles/Materials/chandelier.mat
  artifactKey: Guid(ef9df8118d509b14380b0da9d330393d) Importer(815301076,1909f56bfc062723c751e8b465ee728b)
Start importing Assets/Laterns and candles/Materials/chandelier.mat using Guid(ef9df8118d509b14380b0da9d330393d) Importer(815301076,1909f56bfc062723c751e8b465ee728b)  -> (artifact id: '3b9557e4c650435d29cbd7955bf8a3ff') in 0.499345 seconds 
========================================================================
Received Import Request.
  Time since last request: 127.031934 seconds.
  path: Assets/Materials/1.mat
  artifactKey: Guid(8e3559001ac221c46bfcfa5e43d3088f) Importer(815301076,1909f56bfc062723c751e8b465ee728b)
Start importing Assets/Materials/1.mat using Guid(8e3559001ac221c46bfcfa5e43d3088f) Importer(815301076,1909f56bfc062723c751e8b465ee728b)  -> (artifact id: 'ad65c47dc361378fa8c00fb98722b34a') in 0.106322 seconds 
========================================================================
Received Prepare
Registering precompiled user dll's ...
Registered in 0.007039 seconds.
Begin MonoManager ReloadAssembly
Native extension for WindowsStandalone target not found
Refreshing native plugins compatible for Editor in 2.43 ms, found 2 plugins.
Preloading 0 native plugins for Editor in 0.00 ms.
Mono: successfully reloaded assembly
- Completed reload, in  6.060 seconds
Domain Reload Profiling:
	ReloadAssembly (6063ms)
		BeginReloadAssembly (1241ms)
			ExecutionOrderSort (0ms)
			DisableScriptedObjects (26ms)
			BackupInstance (0ms)
			ReleaseScriptingObjects (0ms)
			CreateAndSetChildDomain (257ms)
		EndReloadAssembly (4286ms)
			LoadAssemblies (921ms)
			RebuildTransferFunctionScriptingTraits (0ms)
			SetupTypeCache (785ms)
				TypeCache.Initialize (774ms)
					TypeCache.ScanAssembly (755ms)
				ResolveRequiredComponents (11ms)
			ReleaseScriptCaches (2ms)
			RebuildScriptCaches (151ms)
			SetupLoadedEditorAssemblies (2376ms)
				LogAssemblyErrors (0ms)
				InitializePlatformSupportModulesInManaged (167ms)
				SetLoadedEditorAssemblies (55ms)
				RefreshPlugins (3ms)
				BeforeProcessingInitializeOnLoad (887ms)
				ProcessInitializeOnLoadAttributes (1128ms)
				ProcessInitializeOnLoadMethodAttributes (105ms)
				AfterProcessingInitializeOnLoad (32ms)
				EditorAssembliesLoaded (0ms)
			ExecutionOrderSort2 (0ms)
			AwakeInstancesAfterBackupRestoration (21ms)
Platform modules already initialized, skipping
Refreshing native plugins compatible for Editor in 3.05 ms, found 2 plugins.
Preloading 0 native plugins for Editor in 0.00 ms.
Unloading 1687 Unused Serialized files (Serialized files now loaded: 0)
Unloading 13 unused Assets / (25.4 KB). Loaded Objects now: 2207.
Memory consumption went from 284.6 MB to 284.6 MB.
Total: 7.511400 ms (FindLiveObjects: 0.610800 ms CreateObjectMapping: 0.208700 ms MarkObjects: 6.637700 ms  DeleteObjects: 0.051600 ms)

AssetImportParameters requested are different than current active one (requested -> active):
  custom:video-decoder-ogg-theora: a1e56fd34408186e4bbccfd4996cb3dc -> 
  custom:container-muxer-webm: aa71ff27fc2769a1b78a27578f13a17b -> 
  custom:container-demuxer-webm: 4f35f7cbe854078d1ac9338744f61a02 -> 
  custom:video-encoder-webm-vp8: eb34c28f22e8b96e1ab97ce403110664 -> 
  custom:audio-encoder-webm-vorbis: bf7c407c2cedff20999df2af8eb42d56 -> 
  custom:framework-win-MediaFoundation: 216162199b28c13a410421893ffa2e32 -> 
  custom:container-demuxer-ogg: 62fdf1f143b41e24485cea50d1cbac27 -> 
  custom:video-decoder-webm-vp8: 9c59270c3fd7afecdb556c50c9e8de78 -> 
  custom:audio-decoder-ogg-vorbis: bf7c407c2cedff20999df2af8eb42d56 -> 
========================================================================
Received Import Request.
  Time since last request: 1065.908628 seconds.
  path: Assets/ExternalAssets/LowPolyFarmLite/Prefabs/Box_01.prefab
  artifactKey: Guid(d26dc1241d332c342b898a57f1164932) Importer(815301076,1909f56bfc062723c751e8b465ee728b)
Start importing Assets/ExternalAssets/LowPolyFarmLite/Prefabs/Box_01.prefab using Guid(d26dc1241d332c342b898a57f1164932) Importer(815301076,1909f56bfc062723c751e8b465ee728b)  -> (artifact id: '99699c7293ed0c1e155d0d36ccb880c6') in 0.750508 seconds 
========================================================================
Received Import Request.
  Time since last request: 0.000050 seconds.
  path: Assets/ExternalAssets/LowPolyFarmLite/Prefabs/TomatoPlant_01.prefab
  artifactKey: Guid(78da2ace1ab76ce478600ebe37fa10fe) Importer(815301076,1909f56bfc062723c751e8b465ee728b)
Start importing Assets/ExternalAssets/LowPolyFarmLite/Prefabs/TomatoPlant_01.prefab using Guid(78da2ace1ab76ce478600ebe37fa10fe) Importer(815301076,1909f56bfc062723c751e8b465ee728b)  -> (artifact id: '472c9588a2da822c8c7382ccc63479c1') in 0.043114 seconds 
========================================================================
Received Import Request.
  Time since last request: 0.000066 seconds.
  path: Assets/ExternalAssets/LowPolyFarmLite/Prefabs/Fence_01.prefab
  artifactKey: Guid(cb422acdc199d6e42910f589b81c283b) Importer(815301076,1909f56bfc062723c751e8b465ee728b)
Start importing Assets/ExternalAssets/LowPolyFarmLite/Prefabs/Fence_01.prefab using Guid(cb422acdc199d6e42910f589b81c283b) Importer(815301076,1909f56bfc062723c751e8b465ee728b)  -> (artifact id: '0d5901a2c10344e929c993882147bb2d') in 0.090748 seconds 
========================================================================
Received Import Request.
  Time since last request: 0.001313 seconds.
  path: Assets/ExternalAssets/LowPolyFarmLite/Prefabs/Grass_02.prefab
  artifactKey: Guid(81dad7d5552c9a341b390c79338fe0a4) Importer(815301076,1909f56bfc062723c751e8b465ee728b)
Start importing Assets/ExternalAssets/LowPolyFarmLite/Prefabs/Grass_02.prefab using Guid(81dad7d5552c9a341b390c79338fe0a4) Importer(815301076,1909f56bfc062723c751e8b465ee728b)  -> (artifact id: '8b6b969ffc58a3121f999149f3efac93') in 0.090029 seconds 
========================================================================
Received Import Request.
  Time since last request: 0.000192 seconds.
  path: Assets/ExternalAssets/LowPolyFarmLite/Prefabs/Rock_04.prefab
  artifactKey: Guid(748ca274b89873247873cee26d353629) Importer(815301076,1909f56bfc062723c751e8b465ee728b)
Start importing Assets/ExternalAssets/LowPolyFarmLite/Prefabs/Rock_04.prefab using Guid(748ca274b89873247873cee26d353629) Importer(815301076,1909f56bfc062723c751e8b465ee728b)  -> (artifact id: '75ef74f86e564802cb6917e44f693969') in 0.055525 seconds 
========================================================================
Received Import Request.
  Time since last request: 0.000046 seconds.
  path: Assets/ExternalAssets/LowPolyFarmLite/Prefabs/Mud_01.prefab
  artifactKey: Guid(c4fa87cd4eff4ae4ba4c8d1ad48df5f7) Importer(815301076,1909f56bfc062723c751e8b465ee728b)
Start importing Assets/ExternalAssets/LowPolyFarmLite/Prefabs/Mud_01.prefab using Guid(c4fa87cd4eff4ae4ba4c8d1ad48df5f7) Importer(815301076,1909f56bfc062723c751e8b465ee728b)  -> (artifact id: 'af2c6d34cf0dd16305db5a06825229f2') in 0.073806 seconds 
========================================================================
Received Import Request.
  Time since last request: 0.000044 seconds.
  path: Assets/ExternalAssets/LowPolyFarmLite/Prefabs/Tomato_03.prefab
  artifactKey: Guid(fd8e0760db14a534a89257f68a4f2a8c) Importer(815301076,1909f56bfc062723c751e8b465ee728b)
Start importing Assets/ExternalAssets/LowPolyFarmLite/Prefabs/Tomato_03.prefab using Guid(fd8e0760db14a534a89257f68a4f2a8c) Importer(815301076,1909f56bfc062723c751e8b465ee728b)  -> (artifact id: '0f2b626e6947420ed67aa517a3c63514') in 0.054392 seconds 
========================================================================
Received Import Request.
  Time since last request: 0.892064 seconds.
  path: Assets/ExternalAssets/LowPolyFarmLite/Prefabs/Tree_04.prefab
  artifactKey: Guid(bae468b3a6b9ea141967f3cfbe601352) Importer(815301076,1909f56bfc062723c751e8b465ee728b)
Start importing Assets/ExternalAssets/LowPolyFarmLite/Prefabs/Tree_04.prefab using Guid(bae468b3a6b9ea141967f3cfbe601352) Importer(815301076,1909f56bfc062723c751e8b465ee728b)  -> (artifact id: '67883671bad0d4c1ce63955613f82a54') in 0.115308 seconds 
Editor requested this worker to shutdown with reason: Scaling down because of idle timeout
AssetImportWorkerClient::OnTransportError - code=2 error=End of file
AssetImportWorker is now disconnected from the server
Process exiting
Exiting without the bug reporter. Application will terminate with return code 0