Using pre-set license
Built from '2022.1/staging' branch; Version is '2022.1.14f1 (ff7e140968b4) revision 16743956'; Using compiler version '192829333'; Build Type 'Release'
OS: 'Windows 10  (10.0.19045) 64bit Professional' Language: 'en' Physical Memory: 16270 MB
BatchMode: 1, IsHumanControllingUs: 0, StartBugReporterOnCrash: 0, Is64bit: 1, IsPro: 1

COMMAND LINE ARGUMENTS:
C:\Program Files\Unity\Hub\Editor\2022.1.14f1\Editor\Unity.exe
-adb2
-batchMode
-noUpm
-name
AssetImportWorker5
-projectPath
C:/Users/Administrador/Documents/LucecitasV2
-logFile
Logs/AssetImportWorker5.log
-srvPort
60618
Successfully changed project path to: C:/Users/Administrador/Documents/LucecitasV2
C:/Users/Administrador/Documents/LucecitasV2
[UnityMemory] Configuration Parameters - Can be set up in boot.config
    "memorysetup-bucket-allocator-granularity=16"
    "memorysetup-bucket-allocator-bucket-count=8"
    "memorysetup-bucket-allocator-block-size=33554432"
    "memorysetup-bucket-allocator-block-count=8"
    "memorysetup-main-allocator-block-size=16777216"
    "memorysetup-thread-allocator-block-size=16777216"
    "memorysetup-gfx-main-allocator-block-size=16777216"
    "memorysetup-gfx-thread-allocator-block-size=16777216"
    "memorysetup-cache-allocator-block-size=4194304"
    "memorysetup-typetree-allocator-block-size=2097152"
    "memorysetup-profiler-bucket-allocator-granularity=16"
    "memorysetup-profiler-bucket-allocator-bucket-count=8"
    "memorysetup-profiler-bucket-allocator-block-size=33554432"
    "memorysetup-profiler-bucket-allocator-block-count=8"
    "memorysetup-profiler-allocator-block-size=16777216"
    "memorysetup-profiler-editor-allocator-block-size=1048576"
    "memorysetup-temp-allocator-size-main=16777216"
    "memorysetup-job-temp-allocator-block-size=2097152"
    "memorysetup-job-temp-allocator-block-size-background=1048576"
    "memorysetup-job-temp-allocator-reduction-small-platforms=262144"
    "memorysetup-temp-allocator-size-background-worker=32768"
    "memorysetup-temp-allocator-size-job-worker=262144"
    "memorysetup-temp-allocator-size-preload-manager=33554432"
    "memorysetup-temp-allocator-size-nav-mesh-worker=65536"
    "memorysetup-temp-allocator-size-audio-worker=65536"
    "memorysetup-temp-allocator-size-cloud-worker=32768"
    "memorysetup-temp-allocator-size-gi-baking-worker=262144"
    "memorysetup-temp-allocator-size-gfx=262144"
Refreshing native plugins compatible for Editor in 70.43 ms, found 2 plugins.
Preloading 0 native plugins for Editor in 0.00 ms.
Initialize engine version: 2022.1.14f1 (ff7e140968b4)
[Subsystems] Discovering subsystems at path C:/Program Files/Unity/Hub/Editor/2022.1.14f1/Editor/Data/Resources/UnitySubsystems
[Subsystems] Discovering subsystems at path C:/Users/Administrador/Documents/LucecitasV2/Assets
GfxDevice: creating device client; threaded=0; jobified=0
Direct3D:
    Version:  Direct3D 11.0 [level 11.1]
    Renderer: Intel(R) UHD Graphics 620 (ID=0x3ea0)
    Vendor:   Intel
    VRAM:     8135 MB
    Driver:   27.20.100.8853
Initialize mono
Mono path[0] = 'C:/Program Files/Unity/Hub/Editor/2022.1.14f1/Editor/Data/Managed'
Mono path[1] = 'C:/Program Files/Unity/Hub/Editor/2022.1.14f1/Editor/Data/MonoBleedingEdge/lib/mono/unityjit-win32'
Mono config path = 'C:/Program Files/Unity/Hub/Editor/2022.1.14f1/Editor/Data/MonoBleedingEdge/etc'
Using monoOptions --debugger-agent=transport=dt_socket,embedding=1,server=y,suspend=n,address=127.0.0.1:56976
Begin MonoManager ReloadAssembly
Registering precompiled unity dll's ...
Register platform support module: C:/Program Files/Unity/Hub/Editor/2022.1.14f1/Editor/Data/PlaybackEngines/WindowsStandaloneSupport/UnityEditor.WindowsStandalone.Extensions.dll
Registered in 0.008542 seconds.
Native extension for WindowsStandalone target not found
Refreshing native plugins compatible for Editor in 57.73 ms, found 2 plugins.
Preloading 0 native plugins for Editor in 0.00 ms.
Mono: successfully reloaded assembly
- Completed reload, in  0.993 seconds
Domain Reload Profiling:
	ReloadAssembly (994ms)
		BeginReloadAssembly (140ms)
			ExecutionOrderSort (0ms)
			DisableScriptedObjects (0ms)
			BackupInstance (0ms)
			ReleaseScriptingObjects (0ms)
			CreateAndSetChildDomain (1ms)
		EndReloadAssembly (685ms)
			LoadAssemblies (136ms)
			RebuildTransferFunctionScriptingTraits (0ms)
			SetupTypeCache (199ms)
				TypeCache.Initialize (198ms)
					TypeCache.ScanAssembly (197ms)
				ResolveRequiredComponents (0ms)
			ReleaseScriptCaches (0ms)
			RebuildScriptCaches (44ms)
			SetupLoadedEditorAssemblies (369ms)
				LogAssemblyErrors (0ms)
				InitializePlatformSupportModulesInManaged (10ms)
				SetLoadedEditorAssemblies (11ms)
				RefreshPlugins (58ms)
				BeforeProcessingInitializeOnLoad (2ms)
				ProcessInitializeOnLoadAttributes (202ms)
				ProcessInitializeOnLoadMethodAttributes (86ms)
				AfterProcessingInitializeOnLoad (0ms)
				EditorAssembliesLoaded (0ms)
			ExecutionOrderSort2 (0ms)
			AwakeInstancesAfterBackupRestoration (0ms)
Platform modules already initialized, skipping
Registering precompiled user dll's ...
Registered in 0.004323 seconds.
Begin MonoManager ReloadAssembly
Native extension for WindowsStandalone target not found
Refreshing native plugins compatible for Editor in 0.79 ms, found 2 plugins.
Preloading 0 native plugins for Editor in 0.00 ms.
Mono: successfully reloaded assembly
- Completed reload, in  1.486 seconds
Domain Reload Profiling:
	ReloadAssembly (1487ms)
		BeginReloadAssembly (163ms)
			ExecutionOrderSort (0ms)
			DisableScriptedObjects (7ms)
			BackupInstance (0ms)
			ReleaseScriptingObjects (0ms)
			CreateAndSetChildDomain (27ms)
		EndReloadAssembly (1143ms)
			LoadAssemblies (93ms)
			RebuildTransferFunctionScriptingTraits (0ms)
			SetupTypeCache (320ms)
				TypeCache.Initialize (314ms)
					TypeCache.ScanAssembly (309ms)
				ResolveRequiredComponents (7ms)
			ReleaseScriptCaches (0ms)
			RebuildScriptCaches (76ms)
			SetupLoadedEditorAssemblies (556ms)
				LogAssemblyErrors (0ms)
				InitializePlatformSupportModulesInManaged (11ms)
				SetLoadedEditorAssemblies (12ms)
				RefreshPlugins (1ms)
				BeforeProcessingInitializeOnLoad (92ms)
				ProcessInitializeOnLoadAttributes (388ms)
				ProcessInitializeOnLoadMethodAttributes (42ms)
				AfterProcessingInitializeOnLoad (10ms)
				EditorAssembliesLoaded (0ms)
			ExecutionOrderSort2 (0ms)
			AwakeInstancesAfterBackupRestoration (11ms)
Platform modules already initialized, skipping
========================================================================
Worker process is ready to serve import requests
Launched and connected shader compiler UnityShaderCompiler.exe after 0.05 seconds
Refreshing native plugins compatible for Editor in 0.86 ms, found 2 plugins.
Preloading 0 native plugins for Editor in 0.00 ms.
Unloading 1858 Unused Serialized files (Serialized files now loaded: 0)
Unloading 33 unused Assets / (131.7 KB). Loaded Objects now: 2324.
Memory consumption went from 306.6 MB to 306.5 MB.
Total: 5.459700 ms (FindLiveObjects: 0.297600 ms CreateObjectMapping: 0.306900 ms MarkObjects: 4.679600 ms  DeleteObjects: 0.174100 ms)

AssetImportParameters requested are different than current active one (requested -> active):
  custom:video-decoder-ogg-theora: a1e56fd34408186e4bbccfd4996cb3dc -> 
  custom:container-muxer-webm: aa71ff27fc2769a1b78a27578f13a17b -> 
  custom:container-demuxer-webm: 4f35f7cbe854078d1ac9338744f61a02 -> 
  custom:video-encoder-webm-vp8: eb34c28f22e8b96e1ab97ce403110664 -> 
  custom:audio-encoder-webm-vorbis: bf7c407c2cedff20999df2af8eb42d56 -> 
  custom:framework-win-MediaFoundation: 216162199b28c13a410421893ffa2e32 -> 
  custom:container-demuxer-ogg: 62fdf1f143b41e24485cea50d1cbac27 -> 
  custom:video-decoder-webm-vp8: 9c59270c3fd7afecdb556c50c9e8de78 -> 
  custom:audio-decoder-ogg-vorbis: bf7c407c2cedff20999df2af8eb42d56 -> 
========================================================================
Received Import Request.
  Time since last request: 108862.242723 seconds.
  path: Assets/ExternalAssets/LowPolyFarmLite/Models/Arbol LOD/Tree_LOD1.fbx
  artifactKey: Guid(e09d3ce53abcadb4bbbd767f4ab983dd) Importer(815301076,1909f56bfc062723c751e8b465ee728b)
Start importing Assets/ExternalAssets/LowPolyFarmLite/Models/Arbol LOD/Tree_LOD1.fbx using Guid(e09d3ce53abcadb4bbbd767f4ab983dd) Importer(815301076,1909f56bfc062723c751e8b465ee728b)  -> (artifact id: '38bc6039dc01a789e3d174f06fe9b340') in 0.510306 seconds 
========================================================================
Received Prepare
Registering precompiled user dll's ...
Registered in 0.003914 seconds.
Begin MonoManager ReloadAssembly
Native extension for WindowsStandalone target not found
Refreshing native plugins compatible for Editor in 0.81 ms, found 2 plugins.
Preloading 0 native plugins for Editor in 0.00 ms.
Mono: successfully reloaded assembly
- Completed reload, in  1.737 seconds
Domain Reload Profiling:
	ReloadAssembly (1738ms)
		BeginReloadAssembly (206ms)
			ExecutionOrderSort (0ms)
			DisableScriptedObjects (9ms)
			BackupInstance (0ms)
			ReleaseScriptingObjects (0ms)
			CreateAndSetChildDomain (51ms)
		EndReloadAssembly (1344ms)
			LoadAssemblies (129ms)
			RebuildTransferFunctionScriptingTraits (0ms)
			SetupTypeCache (391ms)
				TypeCache.Initialize (360ms)
					TypeCache.ScanAssembly (353ms)
				ResolveRequiredComponents (31ms)
			ReleaseScriptCaches (5ms)
			RebuildScriptCaches (101ms)
			SetupLoadedEditorAssemblies (614ms)
				LogAssemblyErrors (0ms)
				InitializePlatformSupportModulesInManaged (24ms)
				SetLoadedEditorAssemblies (13ms)
				RefreshPlugins (1ms)
				BeforeProcessingInitializeOnLoad (98ms)
				ProcessInitializeOnLoadAttributes (431ms)
				ProcessInitializeOnLoadMethodAttributes (39ms)
				AfterProcessingInitializeOnLoad (8ms)
				EditorAssembliesLoaded (0ms)
			ExecutionOrderSort2 (0ms)
			AwakeInstancesAfterBackupRestoration (8ms)
Platform modules already initialized, skipping
Refreshing native plugins compatible for Editor in 3.46 ms, found 2 plugins.
Preloading 0 native plugins for Editor in 0.00 ms.
Unloading 1850 Unused Serialized files (Serialized files now loaded: 0)
Unloading 14 unused Assets / (96.1 KB). Loaded Objects now: 2382.
Memory consumption went from 309.4 MB to 309.3 MB.
Total: 4.864700 ms (FindLiveObjects: 0.234400 ms CreateObjectMapping: 0.180900 ms MarkObjects: 4.380600 ms  DeleteObjects: 0.067100 ms)

AssetImportParameters requested are different than current active one (requested -> active):
  custom:video-decoder-ogg-theora: a1e56fd34408186e4bbccfd4996cb3dc -> 
  custom:container-muxer-webm: aa71ff27fc2769a1b78a27578f13a17b -> 
  custom:container-demuxer-webm: 4f35f7cbe854078d1ac9338744f61a02 -> 
  custom:video-encoder-webm-vp8: eb34c28f22e8b96e1ab97ce403110664 -> 
  custom:audio-encoder-webm-vorbis: bf7c407c2cedff20999df2af8eb42d56 -> 
  custom:framework-win-MediaFoundation: 216162199b28c13a410421893ffa2e32 -> 
  custom:container-demuxer-ogg: 62fdf1f143b41e24485cea50d1cbac27 -> 
  custom:video-decoder-webm-vp8: 9c59270c3fd7afecdb556c50c9e8de78 -> 
  custom:audio-decoder-ogg-vorbis: bf7c407c2cedff20999df2af8eb42d56 -> 
========================================================================
Received Import Request.
  Time since last request: 1291.600400 seconds.
  path: Assets/LOD/cerca LOD/Fence_LOD1.fbx
  artifactKey: Guid(d7d67c83115b4a84dab4403647ac6f33) Importer(815301076,1909f56bfc062723c751e8b465ee728b)
Start importing Assets/LOD/cerca LOD/Fence_LOD1.fbx using Guid(d7d67c83115b4a84dab4403647ac6f33) Importer(815301076,1909f56bfc062723c751e8b465ee728b)  -> (artifact id: '4b31a78838375b13229821bdabf19728') in 0.324399 seconds 
========================================================================
Received Import Request.
  Time since last request: 0.000046 seconds.
  path: Assets/LOD/cerca LOD/Fence_LOD2.fbx
  artifactKey: Guid(c4c798eda6fa3b94b95bc9a114aece8b) Importer(815301076,1909f56bfc062723c751e8b465ee728b)
Start importing Assets/LOD/cerca LOD/Fence_LOD2.fbx using Guid(c4c798eda6fa3b94b95bc9a114aece8b) Importer(815301076,1909f56bfc062723c751e8b465ee728b)  -> (artifact id: '57190e83c44d855f7962da342c11967e') in 0.058749 seconds 
========================================================================
Received Import Request.
  Time since last request: 1.061030 seconds.
  path: Assets/LOD/lechuga LOD/Cabbage_LOD1.fbx
  artifactKey: Guid(f80f862928fc5a14fa6ac49753f826b1) Importer(815301076,1909f56bfc062723c751e8b465ee728b)
Start importing Assets/LOD/lechuga LOD/Cabbage_LOD1.fbx using Guid(f80f862928fc5a14fa6ac49753f826b1) Importer(815301076,1909f56bfc062723c751e8b465ee728b)  -> (artifact id: '6ba65d5111d6735f5f4ad8ca44d714e6') in 0.047034 seconds 
========================================================================
Received Import Request.
  Time since last request: 499.020716 seconds.
  path: Assets/LOD/tomate LOD/Tomato_LOD2.fbx
  artifactKey: Guid(9deacef309b91e24b86f5676c3899132) Importer(815301076,1909f56bfc062723c751e8b465ee728b)
Start importing Assets/LOD/tomate LOD/Tomato_LOD2.fbx using Guid(9deacef309b91e24b86f5676c3899132) Importer(815301076,1909f56bfc062723c751e8b465ee728b)  -> (artifact id: '35a81ab6cd24eb90b6d56b2ebab3375d') in 0.058673 seconds 
========================================================================
Received Import Request.
  Time since last request: 49.892864 seconds.
  path: Assets/LOD/planta de tomate LOD/TomatoPlant_LOD1.fbx
  artifactKey: Guid(13c8cc318aaa2e84bb8a1ac82af5a650) Importer(815301076,1909f56bfc062723c751e8b465ee728b)
Start importing Assets/LOD/planta de tomate LOD/TomatoPlant_LOD1.fbx using Guid(13c8cc318aaa2e84bb8a1ac82af5a650) Importer(815301076,1909f56bfc062723c751e8b465ee728b)  -> (artifact id: 'e49fd788de18235d555eafe6cf9b53fd') in 0.036331 seconds 
========================================================================
Received Import Request.
  Time since last request: 0.000025 seconds.
  path: Assets/LOD/planta de tomate LOD/TomatoPlant_LOD2.fbx
  artifactKey: Guid(cf6919e402680c04db3034ba36cc6417) Importer(815301076,1909f56bfc062723c751e8b465ee728b)
Start importing Assets/LOD/planta de tomate LOD/TomatoPlant_LOD2.fbx using Guid(cf6919e402680c04db3034ba36cc6417) Importer(815301076,1909f56bfc062723c751e8b465ee728b)  -> (artifact id: '4288c32f4fb1c4c72a8b89b85c9ea426') in 0.045598 seconds 
========================================================================
Received Import Request.
  Time since last request: 168.892386 seconds.
  path: Assets/LOD/terreno LOD/Mud_LOD1.fbx
  artifactKey: Guid(4189b6aa7bcf3014aaf465dcce021683) Importer(815301076,1909f56bfc062723c751e8b465ee728b)
Start importing Assets/LOD/terreno LOD/Mud_LOD1.fbx using Guid(4189b6aa7bcf3014aaf465dcce021683) Importer(815301076,1909f56bfc062723c751e8b465ee728b)  -> (artifact id: 'dd6302a2d9701f0de76e7fa3588435a5') in 0.052531 seconds 
========================================================================
Received Import Request.
  Time since last request: 0.000058 seconds.
  path: Assets/LOD/terreno LOD/Mud_LOD2.fbx
  artifactKey: Guid(336eab1dd6920a64f9c52a4b7e70ac15) Importer(815301076,1909f56bfc062723c751e8b465ee728b)
Start importing Assets/LOD/terreno LOD/Mud_LOD2.fbx using Guid(336eab1dd6920a64f9c52a4b7e70ac15) Importer(815301076,1909f56bfc062723c751e8b465ee728b)  -> (artifact id: '3ffc38a6c894cf7c957e1625b178fe35') in 0.041358 seconds 
